<?xml version="1.0" encoding="UTF-8"?>
<testsuite name="As a admin" tests="1" skipped="0" failures="0" errors="0" timestamp="2021-04-21T03:27:36" hostname="DESKTOP-J85MNPV" time="81.613">
  <properties/>
  <testcase name="Employee registered successfully" classname="As a admin" time="81.613"/>
  <system-out><![CDATA[]]></system-out>
  <system-err><![CDATA[abr 20, 2021 10:27:37 PM org.openqa.selenium.remote.DesiredCapabilities chrome
INFORMACIÓN: Using `new ChromeOptions()` is preferred to `DesiredCapabilities.chrome()`
[Test worker] INFO net.serenitybdd.core.webdriver.driverproviders.ProvideNewDriver - Instantiating driver
[Test worker] INFO net.serenitybdd.core.webdriver.driverproviders.ProvideNewDriver - Driver capabilities: Capabilities {acceptInsecureCerts: false, browserName: chrome, chrome.switches: --start-maximized --disable..., goog:chromeOptions: {args: [--start-maximized, --disable-popup-blocking, --no-sandbox, --ignore-certificate-errors], extensions: []}, loggingPrefs: org.openqa.selenium.logging..., platform: ANY, supportsAlerts: false, version: }
Starting ChromeDriver 89.0.4389.23 (61b08ee2c50024bab004e48d2b1b083cdbdac579-refs/branch-heads/4389@{#294}) on port 27336
Only local connections are allowed.
Please see https://chromedriver.chromium.org/security-considerations for suggestions on keeping ChromeDriver safe.
ChromeDriver was started successfully.
[1618975672.257][WARNING]: This version of ChromeDriver has not been tested with Chrome version 90.
abr 20, 2021 10:27:53 PM org.openqa.selenium.remote.ProtocolHandshake createSession
INFORMACIÓN: Detected dialect: W3C
[Test worker] INFO net.thucydides.core.steps.ConsoleLoggingListener - 
        __    _____ _____ ____ _____   ____   _    ____  ____  _____ ____  
  _     \ \  |_   _| ____/ ___|_   _| |  _ \ / \  / ___|/ ___|| ____|  _ \ 
 (_)_____| |   | | |  _| \___ \ | |   | |_) / _ \ \___ \\___ \|  _| | | | |
  _|_____| |   | | | |___ ___) || |   |  __/ ___ \ ___) |___) | |___| |_| |
 (_)     | |   |_| |_____|____/ |_|   |_| /_/   \_\____/|____/|_____|____/ 
        /_/                                                                

TEST PASSED: Employee registered successfully
----------------------------------------------------------------------------
]]></system-err>
</testsuite>
